<?xml version="1.0" encoding="UTF-8"?>
<testsuite name="Morten.Aagotnes.demo.DemoApplicationTests" tests="1" skipped="0" failures="0" errors="0" timestamp="2024-08-31T09:25:39" hostname="DESKTOP-4NGC94A" time="0.923">
  <properties/>
  <testcase name="contextLoads()" classname="Morten.Aagotnes.demo.DemoApplicationTests" time="0.923"/>
  <system-out><![CDATA[11:25:37.260 [Test worker] INFO org.springframework.test.context.support.AnnotationConfigContextLoaderUtils -- Could not detect default configuration classes for test class [Morten.Aagotnes.demo.DemoApplicationTests]: DemoApplicationTests does not declare any static, non-private, non-final, nested classes annotated with @Configuration.
11:25:37.380 [Test worker] INFO org.springframework.boot.test.context.SpringBootTestContextBootstrapper -- Found @SpringBootConfiguration Morten.Aagotnes.demo.DemoApplication for test class Morten.Aagotnes.demo.DemoApplicationTests

  .   ____          _            __ _ _
 /\\ / ___'_ __ _ _(_)_ __  __ _ \ \ \ \
( ( )\___ | '_ | '_| | '_ \/ _` | \ \ \ \
 \\/  ___)| |_)| | | | | || (_| |  ) ) ) )
  '  |____| .__|_| |_|_| |_\__, | / / / /
 =========|_|==============|___/=/_/_/_/

 :: Spring Boot ::                (v3.3.3)

2024-08-31T11:25:37.946+02:00  INFO 753 --- [demo] [    Test worker] M.Aagotnes.demo.DemoApplicationTests     : Starting DemoApplicationTests using Java 21.0.4 with PID 753 (started by root in /mnt/c/Users/morte/OneDrive/Dokumenter/Universitetet/dat250/demo)
2024-08-31T11:25:37.948+02:00  INFO 753 --- [demo] [    Test worker] M.Aagotnes.demo.DemoApplicationTests     : No active profile set, falling back to 1 default profile: "default"
2024-08-31T11:25:39.189+02:00  INFO 753 --- [demo] [    Test worker] M.Aagotnes.demo.DemoApplicationTests     : Started DemoApplicationTests in 1.574 seconds (process running for 2.972)
]]></system-out>
  <system-err><![CDATA[WARNING: A Java agent has been loaded dynamically (/root/.gradle/caches/modules-2/files-2.1/net.bytebuddy/byte-buddy-agent/1.14.19/154da3a65b4f4a909d3e5bdec55d1b2b4cbb6ce1/byte-buddy-agent-1.14.19.jar)
WARNING: If a serviceability tool is in use, please run with -XX:+EnableDynamicAgentLoading to hide this warning
WARNING: If a serviceability tool is not in use, please run with -Djdk.instrument.traceUsage for more information
WARNING: Dynamic loading of agents will be disallowed by default in a future release
]]></system-err>
</testsuite>
